<?xml version="1.0" encoding="UTF-8"?>
<testng-results skipped="0" failed="0" total="1" passed="1">
  <reporter-output>
  </reporter-output>
  <suite name="Default suite" duration-ms="5305" started-at="2019-10-05T07:52:46Z" finished-at="2019-10-05T07:52:51Z">
    <groups>
    </groups>
    <test name="Default test" duration-ms="5305" started-at="2019-10-05T07:52:46Z" finished-at="2019-10-05T07:52:51Z">
      <class name="com.api.testScripts.FetchData">
        <test-method status="PASS" signature="beforeSuite()[pri:0, instance:com.api.testScripts.FetchData@25618e91]" name="beforeSuite" is-config="true" duration-ms="1660" started-at="2019-10-05T13:22:44Z" finished-at="2019-10-05T13:22:46Z">
          <reporter-output>
          </reporter-output>
        </test-method> <!-- beforeSuite -->
        <test-method status="PASS" signature="getPosts()[pri:0, instance:com.api.testScripts.FetchData@25618e91]" name="getPosts" duration-ms="5262" started-at="2019-10-05T13:22:46Z" finished-at="2019-10-05T13:22:51Z">
          <reporter-output>
          </reporter-output>
        </test-method> <!-- getPosts -->
      </class> <!-- com.api.testScripts.FetchData -->
    </test> <!-- Default test -->
  </suite> <!-- Default suite -->
</testng-results>
